Arguments: 
  C:\Program Files\nodejs\node.exe C:\Program Files (x86)\Yarn\bin\yarn.js add --dev jest

PATH: 
  C:\Users\andre\bin;C:\Program Files\Git\mingw64\bin;C:\Program Files\Git\usr\local\bin;C:\Program Files\Git\usr\bin;C:\Program Files\Git\usr\bin;C:\Program Files\Git\mingw64\bin;C:\Program Files\Git\usr\bin;C:\Users\andre\bin;C:\Windows\system32;C:\Windows;C:\Windows\System32\Wbem;C:\Windows\System32\WindowsPowerShell\v1.0;C:\Windows\System32\OpenSSH;C:\Program Files\nodejs;C:\Program Files\Git\cmd;C:\Program Files (x86)\Yarn\bin;C:\ProgramData\chocolatey\bin;C:\Users\andre\AppData\Local\Microsoft\WindowsApps;C:\Users\andre\AppData\Local\Programs\Microsoft VS Code\bin;C:\Users\andre\AppData\Roaming\npm;C:\Users\andre\AppData\Local\Yarn\bin;C:\Program Files\Git\usr\bin\vendor_perl;C:\Program Files\Git\usr\bin\core_perl

Yarn version: 
  1.22.4

Node version: 
  12.16.1

Platform: 
  win32 x64

Trace: 
  SyntaxError: Z:\Hacktiv8\phase2\week3\ecommerce_server\package.json: Unexpected token / in JSON at position 1168
      at JSON.parse (<anonymous>)
      at C:\Program Files (x86)\Yarn\lib\cli.js:1625:59
      at Generator.next (<anonymous>)
      at step (C:\Program Files (x86)\Yarn\lib\cli.js:310:30)
      at C:\Program Files (x86)\Yarn\lib\cli.js:321:13

npm manifest: 
  {
    "name": "ecommerce_server",
    "version": "1.0.0",
    "description": "## Login",
    "main": "bin/http.js",
    "scripts": {
      "start": "node bin/http.js",
      "test": "NODE_ENV=test jest --detectOpenHandles --runInBand",
      "testwin": "SET NODE_ENV=test&& jest --detectOpenHandles --runInBand",
      "dev": "NODE_ENV=development nodemon bin/http.js",
      "devwin": "set NODE_ENV=development&& nodemon bin/http.js",
      "undo": "NODE_ENV=development sequelize db:migrate:undo:all",
      "migrate": "NODE_ENV=development sequelize db:migrate && sequelize db:seed:all"
    },
    "repository": {
      "type": "git",
      "url": "git+https://github.com/andreasanggaraa/ecommerce_server.git"
    },
    "author": "Andreas Anggara",
    "license": "ISC",
    "bugs": {
      "url": "https://github.com/andreasanggaraa/ecommerce_server/issues"
    },
    "homepage": "https://github.com/andreasanggaraa/ecommerce_server#readme",
    "dependencies": {
      "bcryptjs": "^2.4.3",
      "cors": "^2.8.5",
      "express": "^4.17.1",
      "google-auth-library": "^5.10.1",
      "jsonwebtoken": "^8.5.1",
      "pg": "^7.18.2",
      "sequelize": "^5.21.5",
      "dotenv": "^8.2.0"
    },
    "devDependencies": {
      // "jest": "^25.1.0",
      "supertest": "^4.0.2"
    }
  }

yarn manifest: 
  No manifest

Lockfile: 
  No lockfile
